-- The C compiler identification is GNU 13.3.0
-- The CXX compiler identification is GNU 13.3.0
-- Detecting C compiler ABI info
-- Detecting C compiler ABI info - done
-- Check for working C compiler: /usr/bin/cc - skipped
-- Detecting C compile features
-- Detecting C compile features - done
-- Detecting CXX compiler ABI info
-- Detecting CXX compiler ABI info - done
-- Check for working CXX compiler: /usr/bin/c++ - skipped
-- Detecting CXX compile features
-- Detecting CXX compile features - done
-- Found ament_cmake: 2.5.6 (/opt/ros/jazzy/share/ament_cmake/cmake)
-- Found Python3: /usr/bin/python3 (found version "3.12.3") found components: Interpreter 
-- Found rclcpp: 28.1.21 (/opt/ros/jazzy/share/rclcpp/cmake)
-- Found rosidl_generator_c: 4.6.9 (/opt/ros/jazzy/share/rosidl_generator_c/cmake)
-- Found rosidl_generator_cpp: 4.6.9 (/opt/ros/jazzy/share/rosidl_generator_cpp/cmake)
-- Using all available rosidl_typesupport_c: rosidl_typesupport_fastrtps_c;rosidl_typesupport_introspection_c
-- Using all available rosidl_typesupport_cpp: rosidl_typesupport_fastrtps_cpp;rosidl_typesupport_introspection_cpp
-- Found rmw_implementation_cmake: 7.3.3 (/opt/ros/jazzy/share/rmw_implementation_cmake/cmake)
-- Found rmw_fastrtps_cpp: 8.4.4 (/opt/ros/jazzy/share/rmw_fastrtps_cpp/cmake)
-- Found OpenSSL: /usr/lib/x86_64-linux-gnu/libcrypto.so (found version "3.0.13")  
-- Found FastRTPS: /opt/ros/jazzy/include (Required is at least version "2.13") 
-- Using RMW implementation 'rmw_fastrtps_cpp' as default
-- Found px4_msgs: 1.17.0 (/home/cesar/drone_ws/install/px4_msgs/share/px4_msgs/cmake)
-- Found ament_lint_auto: 0.17.5 (/opt/ros/jazzy/share/ament_lint_auto/cmake)
-- Added test 'cppcheck' to perform static code analysis on C / C++ code
-- Configured cppcheck include dirs: 
-- Configured cppcheck exclude dirs and/or files: 
-- Added test 'lint_cmake' to check CMake code style
-- Added test 'uncrustify' to check C / C++ code style
-- Configured uncrustify additional arguments: 
-- Added test 'xmllint' to check XML markup files
-- Configuring done (1.2s)
-- Generating done (0.0s)
-- Build files have been written to: /home/cesar/drone_ws/build/drone_control
[ 50%] [32mBuilding CXX object CMakeFiles/offboard_control.dir/src/offboard_control.cpp.o[0m
[100%] [32m[1mLinking CXX executable offboard_control[0m
[100%] Built target offboard_control
-- Install configuration: ""
-- Installing: /home/cesar/drone_ws/install/drone_control/lib/drone_control/offboard_control
-- Set non-toolchain portion of runtime path of "/home/cesar/drone_ws/install/drone_control/lib/drone_control/offboard_control" to ""
-- Installing: /home/cesar/drone_ws/install/drone_control/share/ament_index/resource_index/package_run_dependencies/drone_control
-- Installing: /home/cesar/drone_ws/install/drone_control/share/ament_index/resource_index/parent_prefix_path/drone_control
-- Installing: /home/cesar/drone_ws/install/drone_control/share/drone_control/environment/ament_prefix_path.sh
-- Installing: /home/cesar/drone_ws/install/drone_control/share/drone_control/environment/ament_prefix_path.dsv
-- Installing: /home/cesar/drone_ws/install/drone_control/share/drone_control/environment/path.sh
-- Installing: /home/cesar/drone_ws/install/drone_control/share/drone_control/environment/path.dsv
-- Installing: /home/cesar/drone_ws/install/drone_control/share/drone_control/local_setup.bash
-- Installing: /home/cesar/drone_ws/install/drone_control/share/drone_control/local_setup.sh
-- Installing: /home/cesar/drone_ws/install/drone_control/share/drone_control/local_setup.zsh
-- Installing: /home/cesar/drone_ws/install/drone_control/share/drone_control/local_setup.dsv
-- Installing: /home/cesar/drone_ws/install/drone_control/share/drone_control/package.dsv
-- Installing: /home/cesar/drone_ws/install/drone_control/share/ament_index/resource_index/packages/drone_control
-- Installing: /home/cesar/drone_ws/install/drone_control/share/drone_control/cmake/drone_controlConfig.cmake
-- Installing: /home/cesar/drone_ws/install/drone_control/share/drone_control/cmake/drone_controlConfig-version.cmake
-- Installing: /home/cesar/drone_ws/install/drone_control/share/drone_control/package.xml
