[0.014s] Invoking command in '/home/cesar/drone_ws/build/drone_control': CMAKE_PREFIX_PATH=${CMAKE_PREFIX_PATH}:/opt/ros/jazzy DEBUGINFOD_URLS=https://debuginfod.ubuntu.com /usr/bin/cmake --build /home/cesar/drone_ws/build/drone_control -- -j12 -l12
[0.082s] [100%] Built target offboard_control
[0.094s] Invoked command in '/home/cesar/drone_ws/build/drone_control' returned '0': CMAKE_PREFIX_PATH=${CMAKE_PREFIX_PATH}:/opt/ros/jazzy DEBUGINFOD_URLS=https://debuginfod.ubuntu.com /usr/bin/cmake --build /home/cesar/drone_ws/build/drone_control -- -j12 -l12
[0.106s] Invoking command in '/home/cesar/drone_ws/build/drone_control': CMAKE_PREFIX_PATH=${CMAKE_PREFIX_PATH}:/opt/ros/jazzy DEBUGINFOD_URLS=https://debuginfod.ubuntu.com /usr/bin/cmake --install /home/cesar/drone_ws/build/drone_control
[0.117s] -- Install configuration: ""
[0.117s] -- Up-to-date: /home/cesar/drone_ws/install/drone_control/lib/drone_control/offboard_control
[0.117s] -- Up-to-date: /home/cesar/drone_ws/install/drone_control/share/ament_index/resource_index/package_run_dependencies/drone_control
[0.117s] -- Up-to-date: /home/cesar/drone_ws/install/drone_control/share/ament_index/resource_index/parent_prefix_path/drone_control
[0.117s] -- Up-to-date: /home/cesar/drone_ws/install/drone_control/share/drone_control/environment/ament_prefix_path.sh
[0.117s] -- Up-to-date: /home/cesar/drone_ws/install/drone_control/share/drone_control/environment/ament_prefix_path.dsv
[0.117s] -- Up-to-date: /home/cesar/drone_ws/install/drone_control/share/drone_control/environment/path.sh
[0.117s] -- Up-to-date: /home/cesar/drone_ws/install/drone_control/share/drone_control/environment/path.dsv
[0.117s] -- Up-to-date: /home/cesar/drone_ws/install/drone_control/share/drone_control/local_setup.bash
[0.117s] -- Up-to-date: /home/cesar/drone_ws/install/drone_control/share/drone_control/local_setup.sh
[0.117s] -- Up-to-date: /home/cesar/drone_ws/install/drone_control/share/drone_control/local_setup.zsh
[0.118s] -- Up-to-date: /home/cesar/drone_ws/install/drone_control/share/drone_control/local_setup.dsv
[0.118s] -- Installing: /home/cesar/drone_ws/install/drone_control/share/drone_control/package.dsv
[0.118s] -- Up-to-date: /home/cesar/drone_ws/install/drone_control/share/ament_index/resource_index/packages/drone_control
[0.118s] -- Up-to-date: /home/cesar/drone_ws/install/drone_control/share/drone_control/cmake/drone_controlConfig.cmake
[0.118s] -- Up-to-date: /home/cesar/drone_ws/install/drone_control/share/drone_control/cmake/drone_controlConfig-version.cmake
[0.118s] -- Up-to-date: /home/cesar/drone_ws/install/drone_control/share/drone_control/package.xml
[0.119s] Invoked command in '/home/cesar/drone_ws/build/drone_control' returned '0': CMAKE_PREFIX_PATH=${CMAKE_PREFIX_PATH}:/opt/ros/jazzy DEBUGINFOD_URLS=https://debuginfod.ubuntu.com /usr/bin/cmake --install /home/cesar/drone_ws/build/drone_control
